2022-01-21 11:33:52 [127.0.0.1][-][2q6f8obifro7ctqug1fkv8acvo][error][yii\base\UnknownClassException] yii\base\UnknownClassException: Unable to find 'frontend\controllers\BookController' in file: D:\phpstudy_pro\WWW\yii2.0\yii_app/frontend/controllers/BookController.php. Namespace missing? in D:\phpstudy_pro\WWW\yii2.0\yii_app\vendor\yiisoft\yii2\BaseYii.php:296
Stack trace:
#0 [internal function]: yii\BaseYii::autoload('frontend\\contro...')
#1 [internal function]: spl_autoload_call('frontend\\contro...')
#2 D:\phpstudy_pro\WWW\yii2.0\yii_app\vendor\yiisoft\yii2\base\Module.php(661): class_exists('frontend\\contro...')
#3 D:\phpstudy_pro\WWW\yii2.0\yii_app\vendor\yiisoft\yii2\base\Module.php(620): yii\base\Module->createControllerByID('book')
#4 D:\phpstudy_pro\WWW\yii2.0\yii_app\vendor\yiisoft\yii2\base\Module.php(546): yii\base\Module->createController('index')
#5 D:\phpstudy_pro\WWW\yii2.0\yii_app\vendor\yiisoft\yii2\web\Application.php(103): yii\base\Module->runAction('book/index', Array)
#6 D:\phpstudy_pro\WWW\yii2.0\yii_app\vendor\yiisoft\yii2\base\Application.php(384): yii\web\Application->handleRequest(Object(yii\web\Request))
#7 D:\phpstudy_pro\WWW\yii2.0\yii_app\frontend\web\index.php(18): yii\base\Application->run()
#8 {main}
2022-01-21 11:33:52 [127.0.0.1][-][2q6f8obifro7ctqug1fkv8acvo][info][application] $_GET = []

$_POST = []

$_FILES = []

$_COOKIE = [
    'advanced-frontend' => '2q6f8obifro7ctqug1fkv8acvo'
    '_csrf-frontend' => 'd560ea8a63053ddfd2531ef339f3f0b93bfafae52d45459ec8a16460efeef3c9a:2:{i:0;s:14:\"_csrf-frontend\";i:1;s:32:\"F9Mt1UmMOeogJFTsRLiDpgIhJOHORXl1\";}'
]

$_SESSION = [
    '__flash' => []
]

$_SERVER = [
    'PATH' => 'C:\\windows\\system32;C:\\windows;C:\\windows\\System32\\Wbem;C:\\windows\\System32\\WindowsPowerShell\\v1.0\\;C:\\windows\\System32\\OpenSSH\\;D:\\Node\\;C:\\Program Files\\Git\\cmd;C:\\Users\\Administrator\\AppData\\Roaming\\Microsoft\\Windows\\Start Menu\\Programs\\Python 3.10;D:\\phpstudy_pro\\Extensions\\php\\php7.3.4nts;D:\\composer;C:\\ProgramData\\chocolatey\\bin;C:\\Program Files (x86)\\NetSarang\\Xshell 7\\;C:\\Users\\Administrator\\AppData\\Local\\Microsoft\\WindowsApps;D:\\Code\\bin;C:\\Users\\Administrator\\AppData\\Roaming\\npm;C:\\Users\\Administrator\\AppData\\Roaming\\Microsoft\\Windows\\Start Menu\\Programs\\Python 3.10;C:\\Users\\Administrator\\AppData\\Roaming\\Composer\\vendor\\bin;C:\\Users\\Administrator\\AppData\\Local\\Programs\\Fiddler'
    'SYSTEMROOT' => 'C:\\windows'
    'COMSPEC' => 'C:\\windows\\system32\\cmd.exe'
    'PATHEXT' => '.COM;.EXE;.BAT;.CMD;.VBS;.VBE;.JS;.JSE;.WSF;.WSH;.MSC'
    'WINDIR' => 'C:\\windows'
    'PHPRC' => 'D:/phpstudy_pro/Extensions/php/php7.3.4nts'
    '_FCGI_SHUTDOWN_EVENT_' => '8912'
    'PATH_TRANSLATED' => 'D:\\phpstudy_pro\\WWW\\yii2.0\\yii_app\\frontend\\web\\book\\index'
    'PATH_INFO' => '/book/index'
    'SCRIPT_NAME' => '/index.php'
    'REQUEST_URI' => '/index.php/book/index'
    'QUERY_STRING' => ''
    'REQUEST_METHOD' => 'GET'
    'SERVER_PROTOCOL' => 'HTTP/1.1'
    'GATEWAY_INTERFACE' => 'CGI/1.1'
    'REMOTE_PORT' => '3805'
    'SCRIPT_FILENAME' => 'D:/phpstudy_pro/WWW/yii2.0/yii_app/frontend/web/index.php'
    'SERVER_ADMIN' => 'admin@example.com'
    'CONTEXT_DOCUMENT_ROOT' => 'D:/phpstudy_pro/WWW/yii2.0/yii_app/frontend/web'
    'CONTEXT_PREFIX' => ''
    'REQUEST_SCHEME' => 'http'
    'DOCUMENT_ROOT' => 'D:/phpstudy_pro/WWW/yii2.0/yii_app/frontend/web'
    'REMOTE_ADDR' => '127.0.0.1'
    'SERVER_PORT' => '80'
    'SERVER_ADDR' => '127.0.0.1'
    'SERVER_NAME' => 'web.yiiapp.top'
    'SERVER_SOFTWARE' => 'Apache/2.4.39 (Win64) OpenSSL/1.1.1b mod_fcgid/2.3.9a mod_log_rotate/1.02'
    'SERVER_SIGNATURE' => ''
    'SystemRoot' => 'C:\\windows'
    'HTTP_COOKIE' => 'advanced-frontend=2q6f8obifro7ctqug1fkv8acvo; _csrf-frontend=d560ea8a63053ddfd2531ef339f3f0b93bfafae52d45459ec8a16460efeef3c9a%3A2%3A%7Bi%3A0%3Bs%3A14%3A%22_csrf-frontend%22%3Bi%3A1%3Bs%3A32%3A%22F9Mt1UmMOeogJFTsRLiDpgIhJOHORXl1%22%3B%7D'
    'HTTP_ACCEPT_LANGUAGE' => 'zh-CN,zh;q=0.9'
    'HTTP_ACCEPT_ENCODING' => 'gzip, deflate'
    'HTTP_ACCEPT' => 'text/html,application/xhtml+xml,application/xml;q=0.9,image/avif,image/webp,image/apng,*/*;q=0.8,application/signed-exchange;v=b3;q=0.9'
    'HTTP_USER_AGENT' => 'Mozilla/5.0 (Windows NT 10.0; Win64; x64) AppleWebKit/537.36 (KHTML, like Gecko) Chrome/94.0.4606.81 Safari/537.36'
    'HTTP_UPGRADE_INSECURE_REQUESTS' => '1'
    'HTTP_CONNECTION' => 'close'
    'HTTP_HOST' => 'web.yiiapp.top'
    'FCGI_ROLE' => 'RESPONDER'
    'PHP_SELF' => '/index.php/book/index'
    'REQUEST_TIME_FLOAT' => 1642736032.8983
    'REQUEST_TIME' => 1642736032
]
2022-01-21 14:43:26 [127.0.0.1][-][2q6f8obifro7ctqug1fkv8acvo][error][Error] Error: Class 'forntend\models\book\Book' not found in D:\phpstudy_pro\WWW\yii2.0\yii_app\frontend\dao\BookCommentDao.php:17
Stack trace:
#0 D:\phpstudy_pro\WWW\yii2.0\yii_app\frontend\services\BookService.php(22): frontend\dao\BookCommentDao->bookList()
#1 D:\phpstudy_pro\WWW\yii2.0\yii_app\frontend\controllers\BookController.php(17): frontend\services\BookService->recommentInfo()
#2 [internal function]: frontend\controllers\BookController->actionIndex()
#3 D:\phpstudy_pro\WWW\yii2.0\yii_app\vendor\yiisoft\yii2\base\InlineAction.php(57): call_user_func_array(Array, Array)
#4 D:\phpstudy_pro\WWW\yii2.0\yii_app\vendor\yiisoft\yii2\base\Controller.php(178): yii\base\InlineAction->runWithParams(Array)
#5 D:\phpstudy_pro\WWW\yii2.0\yii_app\vendor\yiisoft\yii2\base\Module.php(552): yii\base\Controller->runAction('index', Array)
#6 D:\phpstudy_pro\WWW\yii2.0\yii_app\vendor\yiisoft\yii2\web\Application.php(103): yii\base\Module->runAction('book/index', Array)
#7 D:\phpstudy_pro\WWW\yii2.0\yii_app\vendor\yiisoft\yii2\base\Application.php(384): yii\web\Application->handleRequest(Object(yii\web\Request))
#8 D:\phpstudy_pro\WWW\yii2.0\yii_app\frontend\web\index.php(18): yii\base\Application->run()
#9 {main}
2022-01-21 14:43:26 [127.0.0.1][-][2q6f8obifro7ctqug1fkv8acvo][info][application] $_GET = []

$_POST = []

$_FILES = []

$_COOKIE = [
    'advanced-frontend' => '2q6f8obifro7ctqug1fkv8acvo'
    '_csrf-frontend' => 'd560ea8a63053ddfd2531ef339f3f0b93bfafae52d45459ec8a16460efeef3c9a:2:{i:0;s:14:\"_csrf-frontend\";i:1;s:32:\"F9Mt1UmMOeogJFTsRLiDpgIhJOHORXl1\";}'
]

$_SESSION = [
    '__flash' => []
]

$_SERVER = [
    'PATH' => 'C:\\windows\\system32;C:\\windows;C:\\windows\\System32\\Wbem;C:\\windows\\System32\\WindowsPowerShell\\v1.0\\;C:\\windows\\System32\\OpenSSH\\;D:\\Node\\;C:\\Program Files\\Git\\cmd;C:\\Users\\Administrator\\AppData\\Roaming\\Microsoft\\Windows\\Start Menu\\Programs\\Python 3.10;D:\\phpstudy_pro\\Extensions\\php\\php7.3.4nts;D:\\composer;C:\\ProgramData\\chocolatey\\bin;C:\\Program Files (x86)\\NetSarang\\Xshell 7\\;C:\\Users\\Administrator\\AppData\\Local\\Microsoft\\WindowsApps;D:\\Code\\bin;C:\\Users\\Administrator\\AppData\\Roaming\\npm;C:\\Users\\Administrator\\AppData\\Roaming\\Microsoft\\Windows\\Start Menu\\Programs\\Python 3.10;C:\\Users\\Administrator\\AppData\\Roaming\\Composer\\vendor\\bin;C:\\Users\\Administrator\\AppData\\Local\\Programs\\Fiddler'
    'SYSTEMROOT' => 'C:\\windows'
    'COMSPEC' => 'C:\\windows\\system32\\cmd.exe'
    'PATHEXT' => '.COM;.EXE;.BAT;.CMD;.VBS;.VBE;.JS;.JSE;.WSF;.WSH;.MSC'
    'WINDIR' => 'C:\\windows'
    'PHPRC' => 'D:/phpstudy_pro/Extensions/php/php7.3.4nts'
    '_FCGI_SHUTDOWN_EVENT_' => '8912'
    'PATH_TRANSLATED' => 'redirect:\\index.php\\index'
    'PATH_INFO' => '/book/index'
    'SCRIPT_NAME' => '/index.php'
    'REQUEST_URI' => '/index.php/book/index'
    'QUERY_STRING' => ''
    'REQUEST_METHOD' => 'GET'
    'SERVER_PROTOCOL' => 'HTTP/1.1'
    'GATEWAY_INTERFACE' => 'CGI/1.1'
    'REMOTE_PORT' => '7482'
    'SCRIPT_FILENAME' => 'D:/phpstudy_pro/WWW/yii2.0/yii_app/frontend/web/index.php'
    'SERVER_ADMIN' => 'admin@example.com'
    'CONTEXT_DOCUMENT_ROOT' => 'D:/phpstudy_pro/WWW/yii2.0/yii_app/frontend/web'
    'CONTEXT_PREFIX' => ''
    'REQUEST_SCHEME' => 'http'
    'DOCUMENT_ROOT' => 'D:/phpstudy_pro/WWW/yii2.0/yii_app/frontend/web'
    'REMOTE_ADDR' => '127.0.0.1'
    'SERVER_PORT' => '80'
    'SERVER_ADDR' => '127.0.0.1'
    'SERVER_NAME' => 'web.yiiapp.top'
    'SERVER_SOFTWARE' => 'Apache/2.4.39 (Win64) OpenSSL/1.1.1b mod_fcgid/2.3.9a mod_log_rotate/1.02'
    'SERVER_SIGNATURE' => ''
    'SystemRoot' => 'C:\\windows'
    'HTTP_COOKIE' => 'advanced-frontend=2q6f8obifro7ctqug1fkv8acvo; _csrf-frontend=d560ea8a63053ddfd2531ef339f3f0b93bfafae52d45459ec8a16460efeef3c9a%3A2%3A%7Bi%3A0%3Bs%3A14%3A%22_csrf-frontend%22%3Bi%3A1%3Bs%3A32%3A%22F9Mt1UmMOeogJFTsRLiDpgIhJOHORXl1%22%3B%7D'
    'HTTP_ACCEPT_LANGUAGE' => 'zh-CN,zh;q=0.9'
    'HTTP_ACCEPT_ENCODING' => 'gzip, deflate'
    'HTTP_ACCEPT' => 'text/html,application/xhtml+xml,application/xml;q=0.9,image/avif,image/webp,image/apng,*/*;q=0.8,application/signed-exchange;v=b3;q=0.9'
    'HTTP_USER_AGENT' => 'Mozilla/5.0 (Windows NT 10.0; Win64; x64) AppleWebKit/537.36 (KHTML, like Gecko) Chrome/94.0.4606.81 Safari/537.36'
    'HTTP_UPGRADE_INSECURE_REQUESTS' => '1'
    'HTTP_CONNECTION' => 'close'
    'HTTP_HOST' => 'web.yiiapp.top'
    'FCGI_ROLE' => 'RESPONDER'
    'PHP_SELF' => '/index.php/book/index'
    'REQUEST_TIME_FLOAT' => 1642747406.3499
    'REQUEST_TIME' => 1642747406
]
2022-01-21 14:45:23 [127.0.0.1][-][2q6f8obifro7ctqug1fkv8acvo][error][yii\base\InvalidArgumentException] yii\base\InvalidArgumentException: Response content must not be an array. in D:\phpstudy_pro\WWW\yii2.0\yii_app\vendor\yiisoft\yii2\web\Response.php:1108
Stack trace:
#0 D:\phpstudy_pro\WWW\yii2.0\yii_app\vendor\yiisoft\yii2\web\Response.php(339): yii\web\Response->prepare()
#1 D:\phpstudy_pro\WWW\yii2.0\yii_app\vendor\yiisoft\yii2\base\Application.php(390): yii\web\Response->send()
#2 D:\phpstudy_pro\WWW\yii2.0\yii_app\frontend\web\index.php(18): yii\base\Application->run()
#3 {main}
2022-01-21 14:45:23 [127.0.0.1][-][2q6f8obifro7ctqug1fkv8acvo][info][application] $_GET = []

$_POST = []

$_FILES = []

$_COOKIE = [
    'advanced-frontend' => '2q6f8obifro7ctqug1fkv8acvo'
    '_csrf-frontend' => 'd560ea8a63053ddfd2531ef339f3f0b93bfafae52d45459ec8a16460efeef3c9a:2:{i:0;s:14:\"_csrf-frontend\";i:1;s:32:\"F9Mt1UmMOeogJFTsRLiDpgIhJOHORXl1\";}'
]

$_SESSION = [
    '__flash' => []
]

$_SERVER = [
    'PATH' => 'C:\\windows\\system32;C:\\windows;C:\\windows\\System32\\Wbem;C:\\windows\\System32\\WindowsPowerShell\\v1.0\\;C:\\windows\\System32\\OpenSSH\\;D:\\Node\\;C:\\Program Files\\Git\\cmd;C:\\Users\\Administrator\\AppData\\Roaming\\Microsoft\\Windows\\Start Menu\\Programs\\Python 3.10;D:\\phpstudy_pro\\Extensions\\php\\php7.3.4nts;D:\\composer;C:\\ProgramData\\chocolatey\\bin;C:\\Program Files (x86)\\NetSarang\\Xshell 7\\;C:\\Users\\Administrator\\AppData\\Local\\Microsoft\\WindowsApps;D:\\Code\\bin;C:\\Users\\Administrator\\AppData\\Roaming\\npm;C:\\Users\\Administrator\\AppData\\Roaming\\Microsoft\\Windows\\Start Menu\\Programs\\Python 3.10;C:\\Users\\Administrator\\AppData\\Roaming\\Composer\\vendor\\bin;C:\\Users\\Administrator\\AppData\\Local\\Programs\\Fiddler'
    'SYSTEMROOT' => 'C:\\windows'
    'COMSPEC' => 'C:\\windows\\system32\\cmd.exe'
    'PATHEXT' => '.COM;.EXE;.BAT;.CMD;.VBS;.VBE;.JS;.JSE;.WSF;.WSH;.MSC'
    'WINDIR' => 'C:\\windows'
    'PHPRC' => 'D:/phpstudy_pro/Extensions/php/php7.3.4nts'
    '_FCGI_SHUTDOWN_EVENT_' => '8912'
    'PATH_TRANSLATED' => 'redirect:\\index.php\\index'
    'PATH_INFO' => '/book/index'
    'SCRIPT_NAME' => '/index.php'
    'REQUEST_URI' => '/index.php/book/index'
    'QUERY_STRING' => ''
    'REQUEST_METHOD' => 'GET'
    'SERVER_PROTOCOL' => 'HTTP/1.1'
    'GATEWAY_INTERFACE' => 'CGI/1.1'
    'REMOTE_PORT' => '11561'
    'SCRIPT_FILENAME' => 'D:/phpstudy_pro/WWW/yii2.0/yii_app/frontend/web/index.php'
    'SERVER_ADMIN' => 'admin@example.com'
    'CONTEXT_DOCUMENT_ROOT' => 'D:/phpstudy_pro/WWW/yii2.0/yii_app/frontend/web'
    'CONTEXT_PREFIX' => ''
    'REQUEST_SCHEME' => 'http'
    'DOCUMENT_ROOT' => 'D:/phpstudy_pro/WWW/yii2.0/yii_app/frontend/web'
    'REMOTE_ADDR' => '127.0.0.1'
    'SERVER_PORT' => '80'
    'SERVER_ADDR' => '127.0.0.1'
    'SERVER_NAME' => 'web.yiiapp.top'
    'SERVER_SOFTWARE' => 'Apache/2.4.39 (Win64) OpenSSL/1.1.1b mod_fcgid/2.3.9a mod_log_rotate/1.02'
    'SERVER_SIGNATURE' => ''
    'SystemRoot' => 'C:\\windows'
    'HTTP_COOKIE' => 'advanced-frontend=2q6f8obifro7ctqug1fkv8acvo; _csrf-frontend=d560ea8a63053ddfd2531ef339f3f0b93bfafae52d45459ec8a16460efeef3c9a%3A2%3A%7Bi%3A0%3Bs%3A14%3A%22_csrf-frontend%22%3Bi%3A1%3Bs%3A32%3A%22F9Mt1UmMOeogJFTsRLiDpgIhJOHORXl1%22%3B%7D'
    'HTTP_ACCEPT_LANGUAGE' => 'zh-CN,zh;q=0.9'
    'HTTP_ACCEPT_ENCODING' => 'gzip, deflate'
    'HTTP_ACCEPT' => 'text/html,application/xhtml+xml,application/xml;q=0.9,image/avif,image/webp,image/apng,*/*;q=0.8,application/signed-exchange;v=b3;q=0.9'
    'HTTP_USER_AGENT' => 'Mozilla/5.0 (Windows NT 10.0; Win64; x64) AppleWebKit/537.36 (KHTML, like Gecko) Chrome/94.0.4606.81 Safari/537.36'
    'HTTP_UPGRADE_INSECURE_REQUESTS' => '1'
    'HTTP_CACHE_CONTROL' => 'max-age=0'
    'HTTP_CONNECTION' => 'close'
    'HTTP_HOST' => 'web.yiiapp.top'
    'FCGI_ROLE' => 'RESPONDER'
    'PHP_SELF' => '/index.php/book/index'
    'REQUEST_TIME_FLOAT' => 1642747523.4318
    'REQUEST_TIME' => 1642747523
]
2022-01-21 15:02:02 [127.0.0.1][-][2q6f8obifro7ctqug1fkv8acvo][error][yii\base\ErrorException:2] yii\base\ErrorException: Use of undefined constant DEFAULT_PAGE_SIZE - assumed 'DEFAULT_PAGE_SIZE' (this will throw an Error in a future version of PHP) in D:\phpstudy_pro\WWW\yii2.0\yii_app\frontend\data\ActiveDataProvider.php:110
Stack trace:
#0 D:\phpstudy_pro\WWW\yii2.0\yii_app\frontend\data\ActiveDataProvider.php(110): yii\web\ErrorHandler->handleError('2', ''Use of undefin...', ''D:\\\\phpstudy_p...', '110', 'array ('value' ...')
#1 D:\phpstudy_pro\WWW\yii2.0\yii_app\vendor\yiisoft\yii2\base\Component.php(180): frontend\data\ActiveDataProvider->setPagination('array ('PageSiz...')
#2 D:\phpstudy_pro\WWW\yii2.0\yii_app\vendor\yiisoft\yii2\BaseYii.php(558): frontend\data\ActiveDataProvider->__set(''pagination'', 'array ('PageSiz...')
#3 D:\phpstudy_pro\WWW\yii2.0\yii_app\vendor\yiisoft\yii2\base\BaseObject.php(107): yii\BaseYii::configure('class frontend\\...', 'array ('query' ...')
#4 D:\phpstudy_pro\WWW\yii2.0\yii_app\frontend\dao\BookCommentDao.php(19): frontend\data\ActiveDataProvider->__construct('array ('query' ...')
#5 D:\phpstudy_pro\WWW\yii2.0\yii_app\frontend\services\BookService.php(22): frontend\dao\BookCommentDao->bookList()
#6 D:\phpstudy_pro\WWW\yii2.0\yii_app\frontend\controllers\BookController.php(17): frontend\services\BookService->recommentInfo()
#7 D:\phpstudy_pro\WWW\yii2.0\yii_app\vendor\yiisoft\yii2\base\InlineAction.php(57): frontend\controllers\BookController->actionIndex()
#8 D:\phpstudy_pro\WWW\yii2.0\yii_app\vendor\yiisoft\yii2\base\InlineAction.php(57): ::call_user_func_array:{D:\phpstudy_pro\WWW\yii2.0\yii_app\vendor\yiisoft\yii2\base\InlineAction.php:57}('array (0 => cla...', 'array ()')
#9 D:\phpstudy_pro\WWW\yii2.0\yii_app\vendor\yiisoft\yii2\base\Controller.php(178): yii\base\InlineAction->runWithParams('array ()')
#10 D:\phpstudy_pro\WWW\yii2.0\yii_app\vendor\yiisoft\yii2\base\Module.php(552): frontend\controllers\BookController->runAction(''index'', 'array ()')
#11 D:\phpstudy_pro\WWW\yii2.0\yii_app\vendor\yiisoft\yii2\web\Application.php(103): yii\web\Application->runAction(''book/index'', 'array ()')
#12 D:\phpstudy_pro\WWW\yii2.0\yii_app\vendor\yiisoft\yii2\base\Application.php(384): yii\web\Application->handleRequest('class yii\\web\\R...')
#13 D:\phpstudy_pro\WWW\yii2.0\yii_app\frontend\web\index.php(18): yii\web\Application->run()
#14 {main}
2022-01-21 15:02:02 [127.0.0.1][-][2q6f8obifro7ctqug1fkv8acvo][info][application] $_GET = []

$_POST = []

$_FILES = []

$_COOKIE = [
    'advanced-frontend' => '2q6f8obifro7ctqug1fkv8acvo'
    '_csrf-frontend' => 'd560ea8a63053ddfd2531ef339f3f0b93bfafae52d45459ec8a16460efeef3c9a:2:{i:0;s:14:\"_csrf-frontend\";i:1;s:32:\"F9Mt1UmMOeogJFTsRLiDpgIhJOHORXl1\";}'
]

$_SESSION = [
    '__flash' => []
]

$_SERVER = [
    'PATH' => 'C:\\windows\\system32;C:\\windows;C:\\windows\\System32\\Wbem;C:\\windows\\System32\\WindowsPowerShell\\v1.0\\;C:\\windows\\System32\\OpenSSH\\;D:\\Node\\;C:\\Program Files\\Git\\cmd;C:\\Users\\Administrator\\AppData\\Roaming\\Microsoft\\Windows\\Start Menu\\Programs\\Python 3.10;D:\\phpstudy_pro\\Extensions\\php\\php7.3.4nts;D:\\composer;C:\\ProgramData\\chocolatey\\bin;C:\\Program Files (x86)\\NetSarang\\Xshell 7\\;C:\\Users\\Administrator\\AppData\\Local\\Microsoft\\WindowsApps;D:\\Code\\bin;C:\\Users\\Administrator\\AppData\\Roaming\\npm;C:\\Users\\Administrator\\AppData\\Roaming\\Microsoft\\Windows\\Start Menu\\Programs\\Python 3.10;C:\\Users\\Administrator\\AppData\\Roaming\\Composer\\vendor\\bin;C:\\Users\\Administrator\\AppData\\Local\\Programs\\Fiddler'
    'SYSTEMROOT' => 'C:\\windows'
    'COMSPEC' => 'C:\\windows\\system32\\cmd.exe'
    'PATHEXT' => '.COM;.EXE;.BAT;.CMD;.VBS;.VBE;.JS;.JSE;.WSF;.WSH;.MSC'
    'WINDIR' => 'C:\\windows'
    'PHPRC' => 'D:/phpstudy_pro/Extensions/php/php7.3.4nts'
    '_FCGI_SHUTDOWN_EVENT_' => '8912'
    'PATH_TRANSLATED' => 'redirect:\\index.php\\index'
    'PATH_INFO' => '/book/index'
    'SCRIPT_NAME' => '/index.php'
    'REQUEST_URI' => '/index.php/book/index'
    'QUERY_STRING' => ''
    'REQUEST_METHOD' => 'GET'
    'SERVER_PROTOCOL' => 'HTTP/1.1'
    'GATEWAY_INTERFACE' => 'CGI/1.1'
    'REMOTE_PORT' => '9614'
    'SCRIPT_FILENAME' => 'D:/phpstudy_pro/WWW/yii2.0/yii_app/frontend/web/index.php'
    'SERVER_ADMIN' => 'admin@example.com'
    'CONTEXT_DOCUMENT_ROOT' => 'D:/phpstudy_pro/WWW/yii2.0/yii_app/frontend/web'
    'CONTEXT_PREFIX' => ''
    'REQUEST_SCHEME' => 'http'
    'DOCUMENT_ROOT' => 'D:/phpstudy_pro/WWW/yii2.0/yii_app/frontend/web'
    'REMOTE_ADDR' => '127.0.0.1'
    'SERVER_PORT' => '80'
    'SERVER_ADDR' => '127.0.0.1'
    'SERVER_NAME' => 'web.yiiapp.top'
    'SERVER_SOFTWARE' => 'Apache/2.4.39 (Win64) OpenSSL/1.1.1b mod_fcgid/2.3.9a mod_log_rotate/1.02'
    'SERVER_SIGNATURE' => ''
    'SystemRoot' => 'C:\\windows'
    'HTTP_COOKIE' => 'advanced-frontend=2q6f8obifro7ctqug1fkv8acvo; _csrf-frontend=d560ea8a63053ddfd2531ef339f3f0b93bfafae52d45459ec8a16460efeef3c9a%3A2%3A%7Bi%3A0%3Bs%3A14%3A%22_csrf-frontend%22%3Bi%3A1%3Bs%3A32%3A%22F9Mt1UmMOeogJFTsRLiDpgIhJOHORXl1%22%3B%7D'
    'HTTP_ACCEPT_LANGUAGE' => 'zh-CN,zh;q=0.9'
    'HTTP_ACCEPT_ENCODING' => 'gzip, deflate'
    'HTTP_ACCEPT' => 'text/html,application/xhtml+xml,application/xml;q=0.9,image/avif,image/webp,image/apng,*/*;q=0.8,application/signed-exchange;v=b3;q=0.9'
    'HTTP_USER_AGENT' => 'Mozilla/5.0 (Windows NT 10.0; Win64; x64) AppleWebKit/537.36 (KHTML, like Gecko) Chrome/94.0.4606.81 Safari/537.36'
    'HTTP_UPGRADE_INSECURE_REQUESTS' => '1'
    'HTTP_CACHE_CONTROL' => 'max-age=0'
    'HTTP_CONNECTION' => 'close'
    'HTTP_HOST' => 'web.yiiapp.top'
    'FCGI_ROLE' => 'RESPONDER'
    'PHP_SELF' => '/index.php/book/index'
    'REQUEST_TIME_FLOAT' => 1642748522.2261
    'REQUEST_TIME' => 1642748522
]
2022-01-21 15:06:23 [127.0.0.1][-][2q6f8obifro7ctqug1fkv8acvo][error][yii\base\InvalidArgumentException] yii\base\InvalidArgumentException: Response content must not be an array. in D:\phpstudy_pro\WWW\yii2.0\yii_app\vendor\yiisoft\yii2\web\Response.php:1108
Stack trace:
#0 D:\phpstudy_pro\WWW\yii2.0\yii_app\vendor\yiisoft\yii2\web\Response.php(339): yii\web\Response->prepare()
#1 D:\phpstudy_pro\WWW\yii2.0\yii_app\vendor\yiisoft\yii2\base\Application.php(390): yii\web\Response->send()
#2 D:\phpstudy_pro\WWW\yii2.0\yii_app\frontend\web\index.php(18): yii\base\Application->run()
#3 {main}
2022-01-21 15:06:23 [127.0.0.1][-][2q6f8obifro7ctqug1fkv8acvo][info][application] $_GET = []

$_POST = []

$_FILES = []

$_COOKIE = [
    'advanced-frontend' => '2q6f8obifro7ctqug1fkv8acvo'
    '_csrf-frontend' => 'd560ea8a63053ddfd2531ef339f3f0b93bfafae52d45459ec8a16460efeef3c9a:2:{i:0;s:14:\"_csrf-frontend\";i:1;s:32:\"F9Mt1UmMOeogJFTsRLiDpgIhJOHORXl1\";}'
]

$_SESSION = [
    '__flash' => []
]

$_SERVER = [
    'PATH' => 'C:\\windows\\system32;C:\\windows;C:\\windows\\System32\\Wbem;C:\\windows\\System32\\WindowsPowerShell\\v1.0\\;C:\\windows\\System32\\OpenSSH\\;D:\\Node\\;C:\\Program Files\\Git\\cmd;C:\\Users\\Administrator\\AppData\\Roaming\\Microsoft\\Windows\\Start Menu\\Programs\\Python 3.10;D:\\phpstudy_pro\\Extensions\\php\\php7.3.4nts;D:\\composer;C:\\ProgramData\\chocolatey\\bin;C:\\Program Files (x86)\\NetSarang\\Xshell 7\\;C:\\Users\\Administrator\\AppData\\Local\\Microsoft\\WindowsApps;D:\\Code\\bin;C:\\Users\\Administrator\\AppData\\Roaming\\npm;C:\\Users\\Administrator\\AppData\\Roaming\\Microsoft\\Windows\\Start Menu\\Programs\\Python 3.10;C:\\Users\\Administrator\\AppData\\Roaming\\Composer\\vendor\\bin;C:\\Users\\Administrator\\AppData\\Local\\Programs\\Fiddler'
    'SYSTEMROOT' => 'C:\\windows'
    'COMSPEC' => 'C:\\windows\\system32\\cmd.exe'
    'PATHEXT' => '.COM;.EXE;.BAT;.CMD;.VBS;.VBE;.JS;.JSE;.WSF;.WSH;.MSC'
    'WINDIR' => 'C:\\windows'
    'PHPRC' => 'D:/phpstudy_pro/Extensions/php/php7.3.4nts'
    '_FCGI_SHUTDOWN_EVENT_' => '8912'
    'PATH_TRANSLATED' => 'redirect:\\index.php\\index'
    'PATH_INFO' => '/book/index'
    'SCRIPT_NAME' => '/index.php'
    'REQUEST_URI' => '/index.php/book/index'
    'QUERY_STRING' => ''
    'REQUEST_METHOD' => 'GET'
    'SERVER_PROTOCOL' => 'HTTP/1.1'
    'GATEWAY_INTERFACE' => 'CGI/1.1'
    'REMOTE_PORT' => '1362'
    'SCRIPT_FILENAME' => 'D:/phpstudy_pro/WWW/yii2.0/yii_app/frontend/web/index.php'
    'SERVER_ADMIN' => 'admin@example.com'
    'CONTEXT_DOCUMENT_ROOT' => 'D:/phpstudy_pro/WWW/yii2.0/yii_app/frontend/web'
    'CONTEXT_PREFIX' => ''
    'REQUEST_SCHEME' => 'http'
    'DOCUMENT_ROOT' => 'D:/phpstudy_pro/WWW/yii2.0/yii_app/frontend/web'
    'REMOTE_ADDR' => '127.0.0.1'
    'SERVER_PORT' => '80'
    'SERVER_ADDR' => '127.0.0.1'
    'SERVER_NAME' => 'web.yiiapp.top'
    'SERVER_SOFTWARE' => 'Apache/2.4.39 (Win64) OpenSSL/1.1.1b mod_fcgid/2.3.9a mod_log_rotate/1.02'
    'SERVER_SIGNATURE' => ''
    'SystemRoot' => 'C:\\windows'
    'HTTP_COOKIE' => 'advanced-frontend=2q6f8obifro7ctqug1fkv8acvo; _csrf-frontend=d560ea8a63053ddfd2531ef339f3f0b93bfafae52d45459ec8a16460efeef3c9a%3A2%3A%7Bi%3A0%3Bs%3A14%3A%22_csrf-frontend%22%3Bi%3A1%3Bs%3A32%3A%22F9Mt1UmMOeogJFTsRLiDpgIhJOHORXl1%22%3B%7D'
    'HTTP_ACCEPT_LANGUAGE' => 'zh-CN,zh;q=0.9'
    'HTTP_ACCEPT_ENCODING' => 'gzip, deflate'
    'HTTP_ACCEPT' => 'text/html,application/xhtml+xml,application/xml;q=0.9,image/avif,image/webp,image/apng,*/*;q=0.8,application/signed-exchange;v=b3;q=0.9'
    'HTTP_USER_AGENT' => 'Mozilla/5.0 (Windows NT 10.0; Win64; x64) AppleWebKit/537.36 (KHTML, like Gecko) Chrome/94.0.4606.81 Safari/537.36'
    'HTTP_UPGRADE_INSECURE_REQUESTS' => '1'
    'HTTP_CACHE_CONTROL' => 'max-age=0'
    'HTTP_CONNECTION' => 'close'
    'HTTP_HOST' => 'web.yiiapp.top'
    'FCGI_ROLE' => 'RESPONDER'
    'PHP_SELF' => '/index.php/book/index'
    'REQUEST_TIME_FLOAT' => 1642748783.4604
    'REQUEST_TIME' => 1642748783
]
2022-01-21 15:06:46 [127.0.0.1][-][2q6f8obifro7ctqug1fkv8acvo][error][yii\base\ErrorException:2] yii\base\ErrorException: json_decode() expects parameter 1 to be string, array given in D:\phpstudy_pro\WWW\yii2.0\yii_app\frontend\controllers\BookController.php:17
Stack trace:
#0 D:\phpstudy_pro\WWW\yii2.0\yii_app\frontend\controllers\BookController.php(17): yii\web\ErrorHandler->handleError('2', ''json_decode() ...', ''D:\\\\phpstudy_p...', '17', 'array ('bookSer...')
#1 D:\phpstudy_pro\WWW\yii2.0\yii_app\frontend\controllers\BookController.php(17): ::json_decode('array ('list' =...')
#2 D:\phpstudy_pro\WWW\yii2.0\yii_app\vendor\yiisoft\yii2\base\InlineAction.php(57): frontend\controllers\BookController->actionIndex()
#3 D:\phpstudy_pro\WWW\yii2.0\yii_app\vendor\yiisoft\yii2\base\InlineAction.php(57): ::call_user_func_array:{D:\phpstudy_pro\WWW\yii2.0\yii_app\vendor\yiisoft\yii2\base\InlineAction.php:57}('array (0 => cla...', 'array ()')
#4 D:\phpstudy_pro\WWW\yii2.0\yii_app\vendor\yiisoft\yii2\base\Controller.php(178): yii\base\InlineAction->runWithParams('array ()')
#5 D:\phpstudy_pro\WWW\yii2.0\yii_app\vendor\yiisoft\yii2\base\Module.php(552): frontend\controllers\BookController->runAction(''index'', 'array ()')
#6 D:\phpstudy_pro\WWW\yii2.0\yii_app\vendor\yiisoft\yii2\web\Application.php(103): yii\web\Application->runAction(''book/index'', 'array ()')
#7 D:\phpstudy_pro\WWW\yii2.0\yii_app\vendor\yiisoft\yii2\base\Application.php(384): yii\web\Application->handleRequest('class yii\\web\\R...')
#8 D:\phpstudy_pro\WWW\yii2.0\yii_app\frontend\web\index.php(18): yii\web\Application->run()
#9 {main}
2022-01-21 15:06:46 [127.0.0.1][-][2q6f8obifro7ctqug1fkv8acvo][info][application] $_GET = []

$_POST = []

$_FILES = []

$_COOKIE = [
    'advanced-frontend' => '2q6f8obifro7ctqug1fkv8acvo'
    '_csrf-frontend' => 'd560ea8a63053ddfd2531ef339f3f0b93bfafae52d45459ec8a16460efeef3c9a:2:{i:0;s:14:\"_csrf-frontend\";i:1;s:32:\"F9Mt1UmMOeogJFTsRLiDpgIhJOHORXl1\";}'
]

$_SESSION = [
    '__flash' => []
]

$_SERVER = [
    'PATH' => 'C:\\windows\\system32;C:\\windows;C:\\windows\\System32\\Wbem;C:\\windows\\System32\\WindowsPowerShell\\v1.0\\;C:\\windows\\System32\\OpenSSH\\;D:\\Node\\;C:\\Program Files\\Git\\cmd;C:\\Users\\Administrator\\AppData\\Roaming\\Microsoft\\Windows\\Start Menu\\Programs\\Python 3.10;D:\\phpstudy_pro\\Extensions\\php\\php7.3.4nts;D:\\composer;C:\\ProgramData\\chocolatey\\bin;C:\\Program Files (x86)\\NetSarang\\Xshell 7\\;C:\\Users\\Administrator\\AppData\\Local\\Microsoft\\WindowsApps;D:\\Code\\bin;C:\\Users\\Administrator\\AppData\\Roaming\\npm;C:\\Users\\Administrator\\AppData\\Roaming\\Microsoft\\Windows\\Start Menu\\Programs\\Python 3.10;C:\\Users\\Administrator\\AppData\\Roaming\\Composer\\vendor\\bin;C:\\Users\\Administrator\\AppData\\Local\\Programs\\Fiddler'
    'SYSTEMROOT' => 'C:\\windows'
    'COMSPEC' => 'C:\\windows\\system32\\cmd.exe'
    'PATHEXT' => '.COM;.EXE;.BAT;.CMD;.VBS;.VBE;.JS;.JSE;.WSF;.WSH;.MSC'
    'WINDIR' => 'C:\\windows'
    'PHPRC' => 'D:/phpstudy_pro/Extensions/php/php7.3.4nts'
    '_FCGI_SHUTDOWN_EVENT_' => '8912'
    'PATH_TRANSLATED' => 'redirect:\\index.php\\index'
    'PATH_INFO' => '/book/index'
    'SCRIPT_NAME' => '/index.php'
    'REQUEST_URI' => '/index.php/book/index'
    'QUERY_STRING' => ''
    'REQUEST_METHOD' => 'GET'
    'SERVER_PROTOCOL' => 'HTTP/1.1'
    'GATEWAY_INTERFACE' => 'CGI/1.1'
    'REMOTE_PORT' => '6768'
    'SCRIPT_FILENAME' => 'D:/phpstudy_pro/WWW/yii2.0/yii_app/frontend/web/index.php'
    'SERVER_ADMIN' => 'admin@example.com'
    'CONTEXT_DOCUMENT_ROOT' => 'D:/phpstudy_pro/WWW/yii2.0/yii_app/frontend/web'
    'CONTEXT_PREFIX' => ''
    'REQUEST_SCHEME' => 'http'
    'DOCUMENT_ROOT' => 'D:/phpstudy_pro/WWW/yii2.0/yii_app/frontend/web'
    'REMOTE_ADDR' => '127.0.0.1'
    'SERVER_PORT' => '80'
    'SERVER_ADDR' => '127.0.0.1'
    'SERVER_NAME' => 'web.yiiapp.top'
    'SERVER_SOFTWARE' => 'Apache/2.4.39 (Win64) OpenSSL/1.1.1b mod_fcgid/2.3.9a mod_log_rotate/1.02'
    'SERVER_SIGNATURE' => ''
    'SystemRoot' => 'C:\\windows'
    'HTTP_COOKIE' => 'advanced-frontend=2q6f8obifro7ctqug1fkv8acvo; _csrf-frontend=d560ea8a63053ddfd2531ef339f3f0b93bfafae52d45459ec8a16460efeef3c9a%3A2%3A%7Bi%3A0%3Bs%3A14%3A%22_csrf-frontend%22%3Bi%3A1%3Bs%3A32%3A%22F9Mt1UmMOeogJFTsRLiDpgIhJOHORXl1%22%3B%7D'
    'HTTP_ACCEPT_LANGUAGE' => 'zh-CN,zh;q=0.9'
    'HTTP_ACCEPT_ENCODING' => 'gzip, deflate'
    'HTTP_ACCEPT' => 'text/html,application/xhtml+xml,application/xml;q=0.9,image/avif,image/webp,image/apng,*/*;q=0.8,application/signed-exchange;v=b3;q=0.9'
    'HTTP_USER_AGENT' => 'Mozilla/5.0 (Windows NT 10.0; Win64; x64) AppleWebKit/537.36 (KHTML, like Gecko) Chrome/94.0.4606.81 Safari/537.36'
    'HTTP_UPGRADE_INSECURE_REQUESTS' => '1'
    'HTTP_CACHE_CONTROL' => 'max-age=0'
    'HTTP_CONNECTION' => 'close'
    'HTTP_HOST' => 'web.yiiapp.top'
    'FCGI_ROLE' => 'RESPONDER'
    'PHP_SELF' => '/index.php/book/index'
    'REQUEST_TIME_FLOAT' => 1642748806.1736
    'REQUEST_TIME' => 1642748806
]
2022-01-21 15:08:48 [127.0.0.1][-][2q6f8obifro7ctqug1fkv8acvo][error][yii\base\InvalidArgumentException] yii\base\InvalidArgumentException: Response content must not be an array. in D:\phpstudy_pro\WWW\yii2.0\yii_app\vendor\yiisoft\yii2\web\Response.php:1108
Stack trace:
#0 D:\phpstudy_pro\WWW\yii2.0\yii_app\vendor\yiisoft\yii2\web\Response.php(339): yii\web\Response->prepare()
#1 D:\phpstudy_pro\WWW\yii2.0\yii_app\vendor\yiisoft\yii2\base\Application.php(390): yii\web\Response->send()
#2 D:\phpstudy_pro\WWW\yii2.0\yii_app\frontend\web\index.php(18): yii\base\Application->run()
#3 {main}
2022-01-21 15:08:48 [127.0.0.1][-][2q6f8obifro7ctqug1fkv8acvo][info][application] $_GET = []

$_POST = []

$_FILES = []

$_COOKIE = [
    'advanced-frontend' => '2q6f8obifro7ctqug1fkv8acvo'
    '_csrf-frontend' => 'd560ea8a63053ddfd2531ef339f3f0b93bfafae52d45459ec8a16460efeef3c9a:2:{i:0;s:14:\"_csrf-frontend\";i:1;s:32:\"F9Mt1UmMOeogJFTsRLiDpgIhJOHORXl1\";}'
]

$_SESSION = [
    '__flash' => []
]

$_SERVER = [
    'PATH' => 'C:\\windows\\system32;C:\\windows;C:\\windows\\System32\\Wbem;C:\\windows\\System32\\WindowsPowerShell\\v1.0\\;C:\\windows\\System32\\OpenSSH\\;D:\\Node\\;C:\\Program Files\\Git\\cmd;C:\\Users\\Administrator\\AppData\\Roaming\\Microsoft\\Windows\\Start Menu\\Programs\\Python 3.10;D:\\phpstudy_pro\\Extensions\\php\\php7.3.4nts;D:\\composer;C:\\ProgramData\\chocolatey\\bin;C:\\Program Files (x86)\\NetSarang\\Xshell 7\\;C:\\Users\\Administrator\\AppData\\Local\\Microsoft\\WindowsApps;D:\\Code\\bin;C:\\Users\\Administrator\\AppData\\Roaming\\npm;C:\\Users\\Administrator\\AppData\\Roaming\\Microsoft\\Windows\\Start Menu\\Programs\\Python 3.10;C:\\Users\\Administrator\\AppData\\Roaming\\Composer\\vendor\\bin;C:\\Users\\Administrator\\AppData\\Local\\Programs\\Fiddler'
    'SYSTEMROOT' => 'C:\\windows'
    'COMSPEC' => 'C:\\windows\\system32\\cmd.exe'
    'PATHEXT' => '.COM;.EXE;.BAT;.CMD;.VBS;.VBE;.JS;.JSE;.WSF;.WSH;.MSC'
    'WINDIR' => 'C:\\windows'
    'PHPRC' => 'D:/phpstudy_pro/Extensions/php/php7.3.4nts'
    '_FCGI_SHUTDOWN_EVENT_' => '8912'
    'PATH_TRANSLATED' => 'redirect:\\index.php\\index'
    'PATH_INFO' => '/book/index'
    'SCRIPT_NAME' => '/index.php'
    'REQUEST_URI' => '/index.php/book/index'
    'QUERY_STRING' => ''
    'REQUEST_METHOD' => 'GET'
    'SERVER_PROTOCOL' => 'HTTP/1.1'
    'GATEWAY_INTERFACE' => 'CGI/1.1'
    'REMOTE_PORT' => '14127'
    'SCRIPT_FILENAME' => 'D:/phpstudy_pro/WWW/yii2.0/yii_app/frontend/web/index.php'
    'SERVER_ADMIN' => 'admin@example.com'
    'CONTEXT_DOCUMENT_ROOT' => 'D:/phpstudy_pro/WWW/yii2.0/yii_app/frontend/web'
    'CONTEXT_PREFIX' => ''
    'REQUEST_SCHEME' => 'http'
    'DOCUMENT_ROOT' => 'D:/phpstudy_pro/WWW/yii2.0/yii_app/frontend/web'
    'REMOTE_ADDR' => '127.0.0.1'
    'SERVER_PORT' => '80'
    'SERVER_ADDR' => '127.0.0.1'
    'SERVER_NAME' => 'web.yiiapp.top'
    'SERVER_SOFTWARE' => 'Apache/2.4.39 (Win64) OpenSSL/1.1.1b mod_fcgid/2.3.9a mod_log_rotate/1.02'
    'SERVER_SIGNATURE' => ''
    'SystemRoot' => 'C:\\windows'
    'HTTP_COOKIE' => 'advanced-frontend=2q6f8obifro7ctqug1fkv8acvo; _csrf-frontend=d560ea8a63053ddfd2531ef339f3f0b93bfafae52d45459ec8a16460efeef3c9a%3A2%3A%7Bi%3A0%3Bs%3A14%3A%22_csrf-frontend%22%3Bi%3A1%3Bs%3A32%3A%22F9Mt1UmMOeogJFTsRLiDpgIhJOHORXl1%22%3B%7D'
    'HTTP_ACCEPT_LANGUAGE' => 'zh-CN,zh;q=0.9'
    'HTTP_ACCEPT_ENCODING' => 'gzip, deflate'
    'HTTP_ACCEPT' => 'text/html,application/xhtml+xml,application/xml;q=0.9,image/avif,image/webp,image/apng,*/*;q=0.8,application/signed-exchange;v=b3;q=0.9'
    'HTTP_USER_AGENT' => 'Mozilla/5.0 (Windows NT 10.0; Win64; x64) AppleWebKit/537.36 (KHTML, like Gecko) Chrome/94.0.4606.81 Safari/537.36'
    'HTTP_UPGRADE_INSECURE_REQUESTS' => '1'
    'HTTP_CACHE_CONTROL' => 'max-age=0'
    'HTTP_CONNECTION' => 'close'
    'HTTP_HOST' => 'web.yiiapp.top'
    'FCGI_ROLE' => 'RESPONDER'
    'PHP_SELF' => '/index.php/book/index'
    'REQUEST_TIME_FLOAT' => 1642748928.5582
    'REQUEST_TIME' => 1642748928
]
2022-01-21 15:43:10 [127.0.0.1][-][-][error][Error] Error: Class 'frontend\components\Yii' not found in D:\phpstudy_pro\WWW\yii2.0\yii_app\frontend\components\Response.php:25
Stack trace:
#0 D:\phpstudy_pro\WWW\yii2.0\yii_app\vendor\yiisoft\yii2\base\BaseObject.php(109): frontend\components\Response->init()
#1 [internal function]: yii\base\BaseObject->__construct(Array)
#2 D:\phpstudy_pro\WWW\yii2.0\yii_app\vendor\yiisoft\yii2\di\Container.php(411): ReflectionClass->newInstanceArgs(Array)
#3 D:\phpstudy_pro\WWW\yii2.0\yii_app\vendor\yiisoft\yii2\di\Container.php(170): yii\di\Container->build('frontend\\compon...', Array, Array)
#4 D:\phpstudy_pro\WWW\yii2.0\yii_app\vendor\yiisoft\yii2\BaseYii.php(365): yii\di\Container->get('frontend\\compon...', Array, Array)
#5 D:\phpstudy_pro\WWW\yii2.0\yii_app\vendor\yiisoft\yii2\di\ServiceLocator.php(137): yii\BaseYii::createObject(Array)
#6 D:\phpstudy_pro\WWW\yii2.0\yii_app\vendor\yiisoft\yii2\base\Module.php(766): yii\di\ServiceLocator->get('response', true)
#7 D:\phpstudy_pro\WWW\yii2.0\yii_app\vendor\yiisoft\yii2\web\Application.php(169): yii\base\Module->get('response')
#8 D:\phpstudy_pro\WWW\yii2.0\yii_app\vendor\yiisoft\yii2-debug\src\Module.php(272): yii\web\Application->getResponse()
#9 [internal function]: yii\debug\Module->yii\debug\{closure}(Object(yii\base\Event))
#10 D:\phpstudy_pro\WWW\yii2.0\yii_app\vendor\yiisoft\yii2\base\Component.php(633): call_user_func(Object(Closure), Object(yii\base\Event))
#11 D:\phpstudy_pro\WWW\yii2.0\yii_app\vendor\yiisoft\yii2\base\Application.php(381): yii\base\Component->trigger('beforeRequest')
#12 D:\phpstudy_pro\WWW\yii2.0\yii_app\frontend\web\index.php(18): yii\base\Application->run()
#13 {main}
2022-01-21 15:43:10 [127.0.0.1][-][-][info][application] $_GET = []

$_POST = []

$_FILES = []

$_COOKIE = [
    'advanced-frontend' => '2q6f8obifro7ctqug1fkv8acvo'
    '_csrf-frontend' => 'd560ea8a63053ddfd2531ef339f3f0b93bfafae52d45459ec8a16460efeef3c9a:2:{i:0;s:14:\"_csrf-frontend\";i:1;s:32:\"F9Mt1UmMOeogJFTsRLiDpgIhJOHORXl1\";}'
]

$_SESSION = [
    '__flash' => []
]

$_SERVER = [
    'PATH' => 'C:\\windows\\system32;C:\\windows;C:\\windows\\System32\\Wbem;C:\\windows\\System32\\WindowsPowerShell\\v1.0\\;C:\\windows\\System32\\OpenSSH\\;D:\\Node\\;C:\\Program Files\\Git\\cmd;C:\\Users\\Administrator\\AppData\\Roaming\\Microsoft\\Windows\\Start Menu\\Programs\\Python 3.10;D:\\phpstudy_pro\\Extensions\\php\\php7.3.4nts;D:\\composer;C:\\ProgramData\\chocolatey\\bin;C:\\Program Files (x86)\\NetSarang\\Xshell 7\\;C:\\Users\\Administrator\\AppData\\Local\\Microsoft\\WindowsApps;D:\\Code\\bin;C:\\Users\\Administrator\\AppData\\Roaming\\npm;C:\\Users\\Administrator\\AppData\\Roaming\\Microsoft\\Windows\\Start Menu\\Programs\\Python 3.10;C:\\Users\\Administrator\\AppData\\Roaming\\Composer\\vendor\\bin;C:\\Users\\Administrator\\AppData\\Local\\Programs\\Fiddler'
    'SYSTEMROOT' => 'C:\\windows'
    'COMSPEC' => 'C:\\windows\\system32\\cmd.exe'
    'PATHEXT' => '.COM;.EXE;.BAT;.CMD;.VBS;.VBE;.JS;.JSE;.WSF;.WSH;.MSC'
    'WINDIR' => 'C:\\windows'
    'PHPRC' => 'D:/phpstudy_pro/Extensions/php/php7.3.4nts'
    '_FCGI_SHUTDOWN_EVENT_' => '8912'
    'PATH_TRANSLATED' => 'redirect:\\index.php\\index'
    'PATH_INFO' => '/book/index'
    'SCRIPT_NAME' => '/index.php'
    'REQUEST_URI' => '/index.php/book/index'
    'QUERY_STRING' => ''
    'REQUEST_METHOD' => 'GET'
    'SERVER_PROTOCOL' => 'HTTP/1.1'
    'GATEWAY_INTERFACE' => 'CGI/1.1'
    'REMOTE_PORT' => '4153'
    'SCRIPT_FILENAME' => 'D:/phpstudy_pro/WWW/yii2.0/yii_app/frontend/web/index.php'
    'SERVER_ADMIN' => 'admin@example.com'
    'CONTEXT_DOCUMENT_ROOT' => 'D:/phpstudy_pro/WWW/yii2.0/yii_app/frontend/web'
    'CONTEXT_PREFIX' => ''
    'REQUEST_SCHEME' => 'http'
    'DOCUMENT_ROOT' => 'D:/phpstudy_pro/WWW/yii2.0/yii_app/frontend/web'
    'REMOTE_ADDR' => '127.0.0.1'
    'SERVER_PORT' => '80'
    'SERVER_ADDR' => '127.0.0.1'
    'SERVER_NAME' => 'web.yiiapp.top'
    'SERVER_SOFTWARE' => 'Apache/2.4.39 (Win64) OpenSSL/1.1.1b mod_fcgid/2.3.9a mod_log_rotate/1.02'
    'SERVER_SIGNATURE' => ''
    'SystemRoot' => 'C:\\windows'
    'HTTP_COOKIE' => 'advanced-frontend=2q6f8obifro7ctqug1fkv8acvo; _csrf-frontend=d560ea8a63053ddfd2531ef339f3f0b93bfafae52d45459ec8a16460efeef3c9a%3A2%3A%7Bi%3A0%3Bs%3A14%3A%22_csrf-frontend%22%3Bi%3A1%3Bs%3A32%3A%22F9Mt1UmMOeogJFTsRLiDpgIhJOHORXl1%22%3B%7D'
    'HTTP_ACCEPT_LANGUAGE' => 'zh-CN,zh;q=0.9'
    'HTTP_ACCEPT_ENCODING' => 'gzip, deflate'
    'HTTP_ACCEPT' => 'text/html,application/xhtml+xml,application/xml;q=0.9,image/avif,image/webp,image/apng,*/*;q=0.8,application/signed-exchange;v=b3;q=0.9'
    'HTTP_USER_AGENT' => 'Mozilla/5.0 (Windows NT 10.0; Win64; x64) AppleWebKit/537.36 (KHTML, like Gecko) Chrome/94.0.4606.81 Safari/537.36'
    'HTTP_UPGRADE_INSECURE_REQUESTS' => '1'
    'HTTP_CACHE_CONTROL' => 'max-age=0'
    'HTTP_CONNECTION' => 'close'
    'HTTP_HOST' => 'web.yiiapp.top'
    'FCGI_ROLE' => 'RESPONDER'
    'PHP_SELF' => '/index.php/book/index'
    'REQUEST_TIME_FLOAT' => 1642750990.2934
    'REQUEST_TIME' => 1642750990
]
2022-01-21 15:43:10 [127.0.0.1][-][-][warning][yii\log\Dispatcher::dispatch] Unable to send log via yii\debug\LogTarget: Exception 'Error' with message 'Class 'frontend\components\Yii' not found' 

in D:\phpstudy_pro\WWW\yii2.0\yii_app\frontend\components\Response.php:25

Stack trace:
#0 D:\phpstudy_pro\WWW\yii2.0\yii_app\vendor\yiisoft\yii2\base\BaseObject.php(109): frontend\components\Response->init()
#1 [internal function]: yii\base\BaseObject->__construct(Array)
#2 D:\phpstudy_pro\WWW\yii2.0\yii_app\vendor\yiisoft\yii2\di\Container.php(411): ReflectionClass->newInstanceArgs(Array)
#3 D:\phpstudy_pro\WWW\yii2.0\yii_app\vendor\yiisoft\yii2\di\Container.php(170): yii\di\Container->build('frontend\\compon...', Array, Array)
#4 D:\phpstudy_pro\WWW\yii2.0\yii_app\vendor\yiisoft\yii2\BaseYii.php(365): yii\di\Container->get('frontend\\compon...', Array, Array)
#5 D:\phpstudy_pro\WWW\yii2.0\yii_app\vendor\yiisoft\yii2\di\ServiceLocator.php(137): yii\BaseYii::createObject(Array)
#6 D:\phpstudy_pro\WWW\yii2.0\yii_app\vendor\yiisoft\yii2\base\Module.php(766): yii\di\ServiceLocator->get('response', true)
#7 D:\phpstudy_pro\WWW\yii2.0\yii_app\vendor\yiisoft\yii2\web\Application.php(169): yii\base\Module->get('response')
#8 D:\phpstudy_pro\WWW\yii2.0\yii_app\vendor\yiisoft\yii2-debug\src\LogTarget.php(199): yii\web\Application->getResponse()
#9 D:\phpstudy_pro\WWW\yii2.0\yii_app\vendor\yiisoft\yii2-debug\src\LogTarget.php(55): yii\debug\LogTarget->collectSummary()
#10 D:\phpstudy_pro\WWW\yii2.0\yii_app\vendor\yiisoft\yii2-debug\src\LogTarget.php(136): yii\debug\LogTarget->export()
#11 D:\phpstudy_pro\WWW\yii2.0\yii_app\vendor\yiisoft\yii2\log\Dispatcher.php(194): yii\debug\LogTarget->collect(Array, true)
#12 D:\phpstudy_pro\WWW\yii2.0\yii_app\vendor\yiisoft\yii2\log\Logger.php(226): yii\log\Dispatcher->dispatch(Array, true)
#13 [internal function]: yii\log\Logger->flush(true)
#14 {main}
2022-01-21 15:43:10 [127.0.0.1][-][-][info][application] $_GET = []

$_POST = []

$_FILES = []

$_COOKIE = [
    'advanced-frontend' => '2q6f8obifro7ctqug1fkv8acvo'
    '_csrf-frontend' => 'd560ea8a63053ddfd2531ef339f3f0b93bfafae52d45459ec8a16460efeef3c9a:2:{i:0;s:14:\"_csrf-frontend\";i:1;s:32:\"F9Mt1UmMOeogJFTsRLiDpgIhJOHORXl1\";}'
]

$_SESSION = [
    '__flash' => []
]

$_SERVER = [
    'PATH' => 'C:\\windows\\system32;C:\\windows;C:\\windows\\System32\\Wbem;C:\\windows\\System32\\WindowsPowerShell\\v1.0\\;C:\\windows\\System32\\OpenSSH\\;D:\\Node\\;C:\\Program Files\\Git\\cmd;C:\\Users\\Administrator\\AppData\\Roaming\\Microsoft\\Windows\\Start Menu\\Programs\\Python 3.10;D:\\phpstudy_pro\\Extensions\\php\\php7.3.4nts;D:\\composer;C:\\ProgramData\\chocolatey\\bin;C:\\Program Files (x86)\\NetSarang\\Xshell 7\\;C:\\Users\\Administrator\\AppData\\Local\\Microsoft\\WindowsApps;D:\\Code\\bin;C:\\Users\\Administrator\\AppData\\Roaming\\npm;C:\\Users\\Administrator\\AppData\\Roaming\\Microsoft\\Windows\\Start Menu\\Programs\\Python 3.10;C:\\Users\\Administrator\\AppData\\Roaming\\Composer\\vendor\\bin;C:\\Users\\Administrator\\AppData\\Local\\Programs\\Fiddler'
    'SYSTEMROOT' => 'C:\\windows'
    'COMSPEC' => 'C:\\windows\\system32\\cmd.exe'
    'PATHEXT' => '.COM;.EXE;.BAT;.CMD;.VBS;.VBE;.JS;.JSE;.WSF;.WSH;.MSC'
    'WINDIR' => 'C:\\windows'
    'PHPRC' => 'D:/phpstudy_pro/Extensions/php/php7.3.4nts'
    '_FCGI_SHUTDOWN_EVENT_' => '8912'
    'PATH_TRANSLATED' => 'redirect:\\index.php\\index'
    'PATH_INFO' => '/book/index'
    'SCRIPT_NAME' => '/index.php'
    'REQUEST_URI' => '/index.php/book/index'
    'QUERY_STRING' => ''
    'REQUEST_METHOD' => 'GET'
    'SERVER_PROTOCOL' => 'HTTP/1.1'
    'GATEWAY_INTERFACE' => 'CGI/1.1'
    'REMOTE_PORT' => '4153'
    'SCRIPT_FILENAME' => 'D:/phpstudy_pro/WWW/yii2.0/yii_app/frontend/web/index.php'
    'SERVER_ADMIN' => 'admin@example.com'
    'CONTEXT_DOCUMENT_ROOT' => 'D:/phpstudy_pro/WWW/yii2.0/yii_app/frontend/web'
    'CONTEXT_PREFIX' => ''
    'REQUEST_SCHEME' => 'http'
    'DOCUMENT_ROOT' => 'D:/phpstudy_pro/WWW/yii2.0/yii_app/frontend/web'
    'REMOTE_ADDR' => '127.0.0.1'
    'SERVER_PORT' => '80'
    'SERVER_ADDR' => '127.0.0.1'
    'SERVER_NAME' => 'web.yiiapp.top'
    'SERVER_SOFTWARE' => 'Apache/2.4.39 (Win64) OpenSSL/1.1.1b mod_fcgid/2.3.9a mod_log_rotate/1.02'
    'SERVER_SIGNATURE' => ''
    'SystemRoot' => 'C:\\windows'
    'HTTP_COOKIE' => 'advanced-frontend=2q6f8obifro7ctqug1fkv8acvo; _csrf-frontend=d560ea8a63053ddfd2531ef339f3f0b93bfafae52d45459ec8a16460efeef3c9a%3A2%3A%7Bi%3A0%3Bs%3A14%3A%22_csrf-frontend%22%3Bi%3A1%3Bs%3A32%3A%22F9Mt1UmMOeogJFTsRLiDpgIhJOHORXl1%22%3B%7D'
    'HTTP_ACCEPT_LANGUAGE' => 'zh-CN,zh;q=0.9'
    'HTTP_ACCEPT_ENCODING' => 'gzip, deflate'
    'HTTP_ACCEPT' => 'text/html,application/xhtml+xml,application/xml;q=0.9,image/avif,image/webp,image/apng,*/*;q=0.8,application/signed-exchange;v=b3;q=0.9'
    'HTTP_USER_AGENT' => 'Mozilla/5.0 (Windows NT 10.0; Win64; x64) AppleWebKit/537.36 (KHTML, like Gecko) Chrome/94.0.4606.81 Safari/537.36'
    'HTTP_UPGRADE_INSECURE_REQUESTS' => '1'
    'HTTP_CACHE_CONTROL' => 'max-age=0'
    'HTTP_CONNECTION' => 'close'
    'HTTP_HOST' => 'web.yiiapp.top'
    'FCGI_ROLE' => 'RESPONDER'
    'PHP_SELF' => '/index.php/book/index'
    'REQUEST_TIME_FLOAT' => 1642750990.2934
    'REQUEST_TIME' => 1642750990
]
2022-01-21 15:43:31 [127.0.0.1][-][-][error][yii\base\UnknownMethodException] yii\base\UnknownMethodException: Calling unknown method: frontend\components\Response::beforeSend() in D:\phpstudy_pro\WWW\yii2.0\yii_app\vendor\yiisoft\yii2\base\Component.php:300
Stack trace:
#0 [internal function]: yii\base\Component->__call('beforeSend', Array)
#1 D:\phpstudy_pro\WWW\yii2.0\yii_app\vendor\yiisoft\yii2\base\Component.php(633): call_user_func(Array, Object(yii\base\Event))
#2 D:\phpstudy_pro\WWW\yii2.0\yii_app\vendor\yiisoft\yii2\web\Response.php(338): yii\base\Component->trigger('beforeSend')
#3 D:\phpstudy_pro\WWW\yii2.0\yii_app\vendor\yiisoft\yii2\base\Application.php(390): yii\web\Response->send()
#4 D:\phpstudy_pro\WWW\yii2.0\yii_app\frontend\web\index.php(18): yii\base\Application->run()
#5 {main}
2022-01-21 15:43:31 [127.0.0.1][-][-][info][application] $_GET = []

$_POST = []

$_FILES = []

$_COOKIE = [
    'advanced-frontend' => '2q6f8obifro7ctqug1fkv8acvo'
    '_csrf-frontend' => 'd560ea8a63053ddfd2531ef339f3f0b93bfafae52d45459ec8a16460efeef3c9a:2:{i:0;s:14:\"_csrf-frontend\";i:1;s:32:\"F9Mt1UmMOeogJFTsRLiDpgIhJOHORXl1\";}'
]

$_SESSION = [
    '__flash' => []
]

$_SERVER = [
    'PATH' => 'C:\\windows\\system32;C:\\windows;C:\\windows\\System32\\Wbem;C:\\windows\\System32\\WindowsPowerShell\\v1.0\\;C:\\windows\\System32\\OpenSSH\\;D:\\Node\\;C:\\Program Files\\Git\\cmd;C:\\Users\\Administrator\\AppData\\Roaming\\Microsoft\\Windows\\Start Menu\\Programs\\Python 3.10;D:\\phpstudy_pro\\Extensions\\php\\php7.3.4nts;D:\\composer;C:\\ProgramData\\chocolatey\\bin;C:\\Program Files (x86)\\NetSarang\\Xshell 7\\;C:\\Users\\Administrator\\AppData\\Local\\Microsoft\\WindowsApps;D:\\Code\\bin;C:\\Users\\Administrator\\AppData\\Roaming\\npm;C:\\Users\\Administrator\\AppData\\Roaming\\Microsoft\\Windows\\Start Menu\\Programs\\Python 3.10;C:\\Users\\Administrator\\AppData\\Roaming\\Composer\\vendor\\bin;C:\\Users\\Administrator\\AppData\\Local\\Programs\\Fiddler'
    'SYSTEMROOT' => 'C:\\windows'
    'COMSPEC' => 'C:\\windows\\system32\\cmd.exe'
    'PATHEXT' => '.COM;.EXE;.BAT;.CMD;.VBS;.VBE;.JS;.JSE;.WSF;.WSH;.MSC'
    'WINDIR' => 'C:\\windows'
    'PHPRC' => 'D:/phpstudy_pro/Extensions/php/php7.3.4nts'
    '_FCGI_SHUTDOWN_EVENT_' => '8912'
    'PATH_TRANSLATED' => 'redirect:\\index.php\\index'
    'PATH_INFO' => '/book/index'
    'SCRIPT_NAME' => '/index.php'
    'REQUEST_URI' => '/index.php/book/index'
    'QUERY_STRING' => ''
    'REQUEST_METHOD' => 'GET'
    'SERVER_PROTOCOL' => 'HTTP/1.1'
    'GATEWAY_INTERFACE' => 'CGI/1.1'
    'REMOTE_PORT' => '3060'
    'SCRIPT_FILENAME' => 'D:/phpstudy_pro/WWW/yii2.0/yii_app/frontend/web/index.php'
    'SERVER_ADMIN' => 'admin@example.com'
    'CONTEXT_DOCUMENT_ROOT' => 'D:/phpstudy_pro/WWW/yii2.0/yii_app/frontend/web'
    'CONTEXT_PREFIX' => ''
    'REQUEST_SCHEME' => 'http'
    'DOCUMENT_ROOT' => 'D:/phpstudy_pro/WWW/yii2.0/yii_app/frontend/web'
    'REMOTE_ADDR' => '127.0.0.1'
    'SERVER_PORT' => '80'
    'SERVER_ADDR' => '127.0.0.1'
    'SERVER_NAME' => 'web.yiiapp.top'
    'SERVER_SOFTWARE' => 'Apache/2.4.39 (Win64) OpenSSL/1.1.1b mod_fcgid/2.3.9a mod_log_rotate/1.02'
    'SERVER_SIGNATURE' => ''
    'SystemRoot' => 'C:\\windows'
    'HTTP_COOKIE' => 'advanced-frontend=2q6f8obifro7ctqug1fkv8acvo; _csrf-frontend=d560ea8a63053ddfd2531ef339f3f0b93bfafae52d45459ec8a16460efeef3c9a%3A2%3A%7Bi%3A0%3Bs%3A14%3A%22_csrf-frontend%22%3Bi%3A1%3Bs%3A32%3A%22F9Mt1UmMOeogJFTsRLiDpgIhJOHORXl1%22%3B%7D'
    'HTTP_ACCEPT_LANGUAGE' => 'zh-CN,zh;q=0.9'
    'HTTP_ACCEPT_ENCODING' => 'gzip, deflate'
    'HTTP_ACCEPT' => 'text/html,application/xhtml+xml,application/xml;q=0.9,image/avif,image/webp,image/apng,*/*;q=0.8,application/signed-exchange;v=b3;q=0.9'
    'HTTP_USER_AGENT' => 'Mozilla/5.0 (Windows NT 10.0; Win64; x64) AppleWebKit/537.36 (KHTML, like Gecko) Chrome/94.0.4606.81 Safari/537.36'
    'HTTP_UPGRADE_INSECURE_REQUESTS' => '1'
    'HTTP_CACHE_CONTROL' => 'max-age=0'
    'HTTP_CONNECTION' => 'close'
    'HTTP_HOST' => 'web.yiiapp.top'
    'FCGI_ROLE' => 'RESPONDER'
    'PHP_SELF' => '/index.php/book/index'
    'REQUEST_TIME_FLOAT' => 1642751011.3766
    'REQUEST_TIME' => 1642751011
]
2022-01-21 15:44:07 [127.0.0.1][-][2q6f8obifro7ctqug1fkv8acvo][error][yii\base\InvalidArgumentException] yii\base\InvalidArgumentException: Response content must not be an array. in D:\phpstudy_pro\WWW\yii2.0\yii_app\vendor\yiisoft\yii2\web\Response.php:1108
Stack trace:
#0 D:\phpstudy_pro\WWW\yii2.0\yii_app\vendor\yiisoft\yii2\web\Response.php(339): yii\web\Response->prepare()
#1 D:\phpstudy_pro\WWW\yii2.0\yii_app\vendor\yiisoft\yii2\base\Application.php(390): yii\web\Response->send()
#2 D:\phpstudy_pro\WWW\yii2.0\yii_app\frontend\web\index.php(18): yii\base\Application->run()
#3 {main}
2022-01-21 15:44:06 [127.0.0.1][-][2q6f8obifro7ctqug1fkv8acvo][info][application] $_GET = []

$_POST = []

$_FILES = []

$_COOKIE = [
    'advanced-frontend' => '2q6f8obifro7ctqug1fkv8acvo'
    '_csrf-frontend' => 'd560ea8a63053ddfd2531ef339f3f0b93bfafae52d45459ec8a16460efeef3c9a:2:{i:0;s:14:\"_csrf-frontend\";i:1;s:32:\"F9Mt1UmMOeogJFTsRLiDpgIhJOHORXl1\";}'
]

$_SESSION = [
    '__flash' => []
]

$_SERVER = [
    'PATH' => 'C:\\windows\\system32;C:\\windows;C:\\windows\\System32\\Wbem;C:\\windows\\System32\\WindowsPowerShell\\v1.0\\;C:\\windows\\System32\\OpenSSH\\;D:\\Node\\;C:\\Program Files\\Git\\cmd;C:\\Users\\Administrator\\AppData\\Roaming\\Microsoft\\Windows\\Start Menu\\Programs\\Python 3.10;D:\\phpstudy_pro\\Extensions\\php\\php7.3.4nts;D:\\composer;C:\\ProgramData\\chocolatey\\bin;C:\\Program Files (x86)\\NetSarang\\Xshell 7\\;C:\\Users\\Administrator\\AppData\\Local\\Microsoft\\WindowsApps;D:\\Code\\bin;C:\\Users\\Administrator\\AppData\\Roaming\\npm;C:\\Users\\Administrator\\AppData\\Roaming\\Microsoft\\Windows\\Start Menu\\Programs\\Python 3.10;C:\\Users\\Administrator\\AppData\\Roaming\\Composer\\vendor\\bin;C:\\Users\\Administrator\\AppData\\Local\\Programs\\Fiddler'
    'SYSTEMROOT' => 'C:\\windows'
    'COMSPEC' => 'C:\\windows\\system32\\cmd.exe'
    'PATHEXT' => '.COM;.EXE;.BAT;.CMD;.VBS;.VBE;.JS;.JSE;.WSF;.WSH;.MSC'
    'WINDIR' => 'C:\\windows'
    'PHPRC' => 'D:/phpstudy_pro/Extensions/php/php7.3.4nts'
    '_FCGI_SHUTDOWN_EVENT_' => '8912'
    'PATH_TRANSLATED' => 'redirect:\\index.php\\index'
    'PATH_INFO' => '/book/index'
    'SCRIPT_NAME' => '/index.php'
    'REQUEST_URI' => '/index.php/book/index'
    'QUERY_STRING' => ''
    'REQUEST_METHOD' => 'GET'
    'SERVER_PROTOCOL' => 'HTTP/1.1'
    'GATEWAY_INTERFACE' => 'CGI/1.1'
    'REMOTE_PORT' => '1024'
    'SCRIPT_FILENAME' => 'D:/phpstudy_pro/WWW/yii2.0/yii_app/frontend/web/index.php'
    'SERVER_ADMIN' => 'admin@example.com'
    'CONTEXT_DOCUMENT_ROOT' => 'D:/phpstudy_pro/WWW/yii2.0/yii_app/frontend/web'
    'CONTEXT_PREFIX' => ''
    'REQUEST_SCHEME' => 'http'
    'DOCUMENT_ROOT' => 'D:/phpstudy_pro/WWW/yii2.0/yii_app/frontend/web'
    'REMOTE_ADDR' => '127.0.0.1'
    'SERVER_PORT' => '80'
    'SERVER_ADDR' => '127.0.0.1'
    'SERVER_NAME' => 'web.yiiapp.top'
    'SERVER_SOFTWARE' => 'Apache/2.4.39 (Win64) OpenSSL/1.1.1b mod_fcgid/2.3.9a mod_log_rotate/1.02'
    'SERVER_SIGNATURE' => ''
    'SystemRoot' => 'C:\\windows'
    'HTTP_COOKIE' => 'advanced-frontend=2q6f8obifro7ctqug1fkv8acvo; _csrf-frontend=d560ea8a63053ddfd2531ef339f3f0b93bfafae52d45459ec8a16460efeef3c9a%3A2%3A%7Bi%3A0%3Bs%3A14%3A%22_csrf-frontend%22%3Bi%3A1%3Bs%3A32%3A%22F9Mt1UmMOeogJFTsRLiDpgIhJOHORXl1%22%3B%7D'
    'HTTP_ACCEPT_LANGUAGE' => 'zh-CN,zh;q=0.9'
    'HTTP_ACCEPT_ENCODING' => 'gzip, deflate'
    'HTTP_ACCEPT' => 'text/html,application/xhtml+xml,application/xml;q=0.9,image/avif,image/webp,image/apng,*/*;q=0.8,application/signed-exchange;v=b3;q=0.9'
    'HTTP_USER_AGENT' => 'Mozilla/5.0 (Windows NT 10.0; Win64; x64) AppleWebKit/537.36 (KHTML, like Gecko) Chrome/94.0.4606.81 Safari/537.36'
    'HTTP_UPGRADE_INSECURE_REQUESTS' => '1'
    'HTTP_CACHE_CONTROL' => 'max-age=0'
    'HTTP_CONNECTION' => 'close'
    'HTTP_HOST' => 'web.yiiapp.top'
    'FCGI_ROLE' => 'RESPONDER'
    'PHP_SELF' => '/index.php/book/index'
    'REQUEST_TIME_FLOAT' => 1642751046.9855
    'REQUEST_TIME' => 1642751046
]
